[INFO] Scanning for projects...
[INFO] 
[INFO] --------------------< com.zoho.arattai:chat-parser >--------------------
[INFO] Building chat-parser 1.0-SNAPSHOT
[INFO]   from pom.xml
[INFO] --------------------------------[ jar ]---------------------------------
[INFO] 
[INFO] --- clean:3.4.0:clean (default-clean) @ chat-parser ---
[INFO] Deleting C:\Users\arjun\Downloads\import2\chat-parser\target
[INFO] 
[INFO] --- resources:3.3.1:resources (default-resources) @ chat-parser ---
[INFO] skip non existing resourceDirectory C:\Users\arjun\Downloads\import2\chat-parser\src\main\resources
[INFO] 
[INFO] --- compiler:3.13.0:compile (default-compile) @ chat-parser ---
[INFO] Recompiling the module because of changed source code.
[INFO] Compiling 10 source files with javac [debug release 17] to target\classes
[INFO] ------------------------------------------------------------------------
[INFO] BUILD SUCCESS
[INFO] ------------------------------------------------------------------------
[INFO] Total time:  2.407 s
[INFO] Finished at: 2026-02-24T18:01:06+05:30
[INFO] ------------------------------------------------------------------------
